<?xml version="1.0" encoding="UTF-8"?>
<!-- Generated by org.testng.reporters.JUnitXMLReporter -->
<testsuite ignored="0" hostname="Anus-MBP.attlocal.net" failures="0" tests="8" name="Test" time="11.214" errors="0" timestamp="2022-11-06T18:01:04 GMT-08:00">
  <testcase classname="com.JenkinsProject.testcases.TestClass1" name="method1" time="0.015"/>
  <testcase classname="com.JenkinsProject.testcases.TestClass1" name="method2" time="0.001"/>
  <testcase classname="com.JenkinsProject.testcases.TestClass1" name="method3" time="0.001"/>
  <testcase classname="com.JenkinsProject.testcases.TestClass2" name="method1" time="0.001"/>
  <testcase classname="com.JenkinsProject.testcases.TestClass2" name="method2" time="0.002"/>
  <testcase classname="com.JenkinsProject.testcases.TestClass2" name="method3" time="0.002"/>
  <testcase classname="com.JenkinsProject.testcases.TestClass2" name="method4" time="0.002"/>
  <testcase classname="com.JenkinsProject.testcases.TestClass2" name="method5" time="0.001"/>
</testsuite> <!-- Test -->
