<?xml version="1.0" encoding="UTF-8"?>
<testng-results ignored="0" total="8" passed="8" failed="0" skipped="0">
  <reporter-output>
  </reporter-output>
  <suite started-at="2022-11-06T18:00:52 GMT-08:00" name="Suite" finished-at="2022-11-06T18:01:04 GMT-08:00" duration-ms="11214">
    <groups>
    </groups>
    <test started-at="2022-11-06T18:00:52 GMT-08:00" name="Test" finished-at="2022-11-06T18:01:04 GMT-08:00" duration-ms="11214">
      <class name="com.JenkinsProject.testcases.TestClass2">
        <test-method signature="method1()[pri:0, instance:com.JenkinsProject.testcases.TestClass2@74f5ce22]" started-at="2022-11-06T18:01:04 GMT-08:00" name="method1" finished-at="2022-11-06T18:01:04 GMT-08:00" duration-ms="1" status="PASS">
          <reporter-output>
          </reporter-output>
        </test-method> <!-- method1 -->
        <test-method signature="method2()[pri:0, instance:com.JenkinsProject.testcases.TestClass2@74f5ce22]" started-at="2022-11-06T18:01:04 GMT-08:00" name="method2" finished-at="2022-11-06T18:01:04 GMT-08:00" duration-ms="2" status="PASS">
          <reporter-output>
          </reporter-output>
        </test-method> <!-- method2 -->
        <test-method signature="method3()[pri:0, instance:com.JenkinsProject.testcases.TestClass2@74f5ce22]" started-at="2022-11-06T18:01:04 GMT-08:00" name="method3" finished-at="2022-11-06T18:01:04 GMT-08:00" duration-ms="2" status="PASS">
          <reporter-output>
          </reporter-output>
        </test-method> <!-- method3 -->
        <test-method signature="method4()[pri:0, instance:com.JenkinsProject.testcases.TestClass2@74f5ce22]" started-at="2022-11-06T18:01:04 GMT-08:00" name="method4" finished-at="2022-11-06T18:01:04 GMT-08:00" duration-ms="2" status="PASS">
          <reporter-output>
          </reporter-output>
        </test-method> <!-- method4 -->
        <test-method signature="method5()[pri:0, instance:com.JenkinsProject.testcases.TestClass2@74f5ce22]" started-at="2022-11-06T18:01:04 GMT-08:00" name="method5" finished-at="2022-11-06T18:01:04 GMT-08:00" duration-ms="1" status="PASS">
          <reporter-output>
          </reporter-output>
        </test-method> <!-- method5 -->
      </class> <!-- com.JenkinsProject.testcases.TestClass2 -->
      <class name="com.JenkinsProject.testcases.TestClass1">
        <test-method is-config="true" signature="setup()[pri:0, instance:com.JenkinsProject.testcases.TestClass1@6f3c660a]" started-at="2022-11-06T18:00:52 GMT-08:00" name="setup" finished-at="2022-11-06T18:00:56 GMT-08:00" duration-ms="3861" status="PASS">
          <reporter-output>
          </reporter-output>
        </test-method> <!-- setup -->
        <test-method signature="method1()[pri:0, instance:com.JenkinsProject.testcases.TestClass1@6f3c660a]" started-at="2022-11-06T18:00:56 GMT-08:00" name="method1" finished-at="2022-11-06T18:00:56 GMT-08:00" duration-ms="15" status="PASS">
          <reporter-output>
          </reporter-output>
        </test-method> <!-- method1 -->
        <test-method is-config="true" signature="tearDown()[pri:0, instance:com.JenkinsProject.testcases.TestClass1@6f3c660a]" started-at="2022-11-06T18:00:56 GMT-08:00" name="tearDown" finished-at="2022-11-06T18:00:56 GMT-08:00" duration-ms="212" status="PASS">
          <reporter-output>
          </reporter-output>
        </test-method> <!-- tearDown -->
        <test-method is-config="true" signature="setup()[pri:0, instance:com.JenkinsProject.testcases.TestClass1@6f3c660a]" started-at="2022-11-06T18:00:56 GMT-08:00" name="setup" finished-at="2022-11-06T18:01:00 GMT-08:00" duration-ms="3353" status="PASS">
          <reporter-output>
          </reporter-output>
        </test-method> <!-- setup -->
        <test-method signature="method2()[pri:0, instance:com.JenkinsProject.testcases.TestClass1@6f3c660a]" started-at="2022-11-06T18:01:00 GMT-08:00" name="method2" finished-at="2022-11-06T18:01:00 GMT-08:00" duration-ms="1" status="PASS">
          <reporter-output>
          </reporter-output>
        </test-method> <!-- method2 -->
        <test-method is-config="true" signature="tearDown()[pri:0, instance:com.JenkinsProject.testcases.TestClass1@6f3c660a]" started-at="2022-11-06T18:01:00 GMT-08:00" name="tearDown" finished-at="2022-11-06T18:01:00 GMT-08:00" duration-ms="174" status="PASS">
          <reporter-output>
          </reporter-output>
        </test-method> <!-- tearDown -->
        <test-method is-config="true" signature="setup()[pri:0, instance:com.JenkinsProject.testcases.TestClass1@6f3c660a]" started-at="2022-11-06T18:01:00 GMT-08:00" name="setup" finished-at="2022-11-06T18:01:03 GMT-08:00" duration-ms="3377" status="PASS">
          <reporter-output>
          </reporter-output>
        </test-method> <!-- setup -->
        <test-method signature="method3()[pri:0, instance:com.JenkinsProject.testcases.TestClass1@6f3c660a]" started-at="2022-11-06T18:01:03 GMT-08:00" name="method3" finished-at="2022-11-06T18:01:03 GMT-08:00" duration-ms="1" status="PASS">
          <reporter-output>
          </reporter-output>
        </test-method> <!-- method3 -->
        <test-method is-config="true" signature="tearDown()[pri:0, instance:com.JenkinsProject.testcases.TestClass1@6f3c660a]" started-at="2022-11-06T18:01:03 GMT-08:00" name="tearDown" finished-at="2022-11-06T18:01:04 GMT-08:00" duration-ms="170" status="PASS">
          <reporter-output>
          </reporter-output>
        </test-method> <!-- tearDown -->
      </class> <!-- com.JenkinsProject.testcases.TestClass1 -->
    </test> <!-- Test -->
  </suite> <!-- Suite -->
</testng-results>
